#
# A fatal error has been detected by the Java Runtime Environment:
#
#  SIGSEGV (0xb) at pc=0x00007ff1db86dd1f, pid=16903, tid=140676560267008
#
# JRE version: OpenJDK Runtime Environment (7.0_79-b14) (build 1.7.0_79-b14)
# Java VM: OpenJDK 64-Bit Server VM (24.79-b02 mixed mode linux-amd64 compressed oops)
# Derivative: IcedTea 2.5.6
# Distribution: Ubuntu 14.04 LTS, package 7u79-2.5.6-0ubuntu1.14.04.1
# Problematic frame:
# V  [libjvm.so+0x5abd1f]  instanceKlass::allocate_instance(Thread*)+0xaf
#
# Failed to write core dump. Core dumps have been disabled. To enable core dumping, try "ulimit -c unlimited" before starting Java again
#
# If you would like to submit a bug report, please include
# instructions on how to reproduce the bug and visit:
#   http://icedtea.classpath.org/bugzilla
#

---------------  T H R E A D  ---------------

Current thread (0x00007ff1d4077800):  VMThread [stack: 0x00007ff1d0572000,0x00007ff1d0673000] [id=16914]

siginfo:si_signo=SIGSEGV: si_errno=0, si_code=128 (), si_addr=0x0000000000000000

Registers:
RAX=0x0002003300000103, RBX=0x00007ff1d4077800, RCX=0x000000000000005e, RDX=0x00007ff1d4078080
RSP=0x00007ff1d06712c0, RBP=0x00007ff1d0671320, RSI=0x00007ff1d4077800, RDI=0x00007ff1d06712e0
R8 =0x0000000000000000, R9 =0x756f636e6520656c, R10=0x00007ff1dcabdfe0, R11=0x00000000ffffffea
R12=0x00020033000000eb, R13=0x00007ff1d4078078, R14=0x00007ff1dc0a15c3, R15=0x0000000000000003
RIP=0x00007ff1db86dd1f, EFLAGS=0x0000000000010202, CSGSFS=0x0000000000000033, ERR=0x0000000000000000
  TRAPNO=0x000000000000000d

Top of Stack: (sp=0x00007ff1d06712c0)
0x00007ff1d06712c0:   00200031ffffffff 0000000000000000
0x00007ff1d06712d0:   00007ff1d06712f0 00007ff1db7d27d1
0x00007ff1d06712e0:   00007ff1d4078078 00007ff1d0671370
0x00007ff1d06712f0:   00007ff1d0671990 00007ff1d4077800
0x00007ff1d0671300:   000000000000005e 000000000000005e
0x00007ff1d0671310:   00007ff1d88a80d0 0000000000000000
0x00007ff1d0671320:   00007ff1d0671350 00007ff1db8b1395
0x00007ff1d0671330:   00007ff1d06713c0 00007ff1dc77c749
0x00007ff1d0671340:   00007ff1d0671480 00007ff1d4077800
0x00007ff1d0671350:   00007ff1d0671380 00007ff1db8b1448
0x00007ff1d0671360:   00007ff1d4077800 00007ff1d06713b0
0x00007ff1d0671370:   00007ff1d0671480 00007ff1d88a80d0
0x00007ff1d0671380:   00007ff1d0671460 00007ff1db7c77dd
0x00007ff1d0671390:   00007ff1d06713e0 0000003000000028
0x00007ff1d06713a0:   00007ff1d0671470 00007ff1d06713b0
0x00007ff1d06713b0:   00007ff1d0671ce0 00007ff1d4076ef0
0x00007ff1d06713c0:   0000000000000020 00007ff1dbc4ed20
0x00007ff1d06713d0:   00007ff194197770 00007ff1d4078070
0x00007ff1d06713e0:   00007ff1d0671440 00007ff1db56c438
0x00007ff1d06713f0:   00007ff1d067141f 0000000000000000
0x00007ff1d0671400:   0000000000000000 00007ff1d06713b8
0x00007ff1d0671410:   00007ff1d06713f9 0000000800000000
0x00007ff1d0671420:   0000000000000000 00007ff1d0671850
0x00007ff1d0671430:   00007ff1d4077800 00007ff1d0671850
0x00007ff1d0671440:   00007ff1d0671480 00007ff1d88a80d0
0x00007ff1d0671450:   00007ff1d4077800 00007ff1d0671850
0x00007ff1d0671460:   00007ff1d06716b0 00007ff1db81b303
0x00007ff1d0671470:   0000000000000b00 00007ff1d4111e61
0x00007ff1d0671480:   206c6167656c6c49 6966207373616c63
0x00007ff1d0671490:   756f636e6520656c 202e64657265746e
0x00007ff1d06714a0:   6e6e757220797254 6874697720676e69
0x00007ff1d06714b0:   6669726576582d20 6e69206c6c613a79 

Instructions: (pc=0x00007ff1db86dd1f)
0x00007ff1db86dcff:   ef e8 4b d2 cf ff 48 8b 43 08 48 85 c0 0f 85 fe
0x00007ff1db86dd0f:   00 00 00 4c 8d 35 aa 38 83 00 41 80 3e 00 74 09
0x00007ff1db86dd1f:   41 c7 44 24 0c 00 00 00 00 49 83 ff 02 74 14 4a
0x00007ff1db86dd2f:   8d 14 fd f0 ff ff ff 49 8d 7c 24 10 31 f6 e8 1e 

Register to memory mapping:

RAX=0x0002003300000103 is an unknown value
RBX=0x00007ff1d4077800 is an unknown value
RCX=0x000000000000005e is an unknown value
RDX=0x00007ff1d4078080 is an unknown value
RSP=0x00007ff1d06712c0 is an unknown value
RBP=0x00007ff1d0671320 is an unknown value
RSI=0x00007ff1d4077800 is an unknown value
RDI=0x00007ff1d06712e0 is an unknown value
R8 =0x0000000000000000 is an unknown value
R9 =0x756f636e6520656c is an unknown value
R10=0x00007ff1dcabdfe0: <offset 0x3bcfe0> in /lib/x86_64-linux-gnu/libc.so.6 at 0x00007ff1dc701000
R11=0x00000000ffffffea is an unallocated location in the heap
R12=0x00020033000000eb is an unknown value
R13=0x00007ff1d4078078 is an unknown value
R14=0x00007ff1dc0a15c3: <offset 0xddf5c3> in /usr/lib/jvm/java-7-openjdk-amd64/jre/lib/amd64/server/libjvm.so at 0x00007ff1db2c2000
R15=0x0000000000000003 is an unknown value


Stack: [0x00007ff1d0572000,0x00007ff1d0673000],  sp=0x00007ff1d06712c0,  free space=1020k
Native frames: (J=compiled Java code, j=interpreted, Vv=VM code, C=native code)
V  [libjvm.so+0x5abd1f]  instanceKlass::allocate_instance(Thread*)+0xaf
V  [libjvm.so+0x5ef395]  java_lang_String::basic_create(int, bool, Thread*) [clone .constprop.118]+0x25
V  [libjvm.so+0x5ef448]  java_lang_String::create_from_str(char const*, Thread*)+0x28
V  [libjvm.so+0x5057dd]  Exceptions::new_exception(Thread*, Symbol*, char const*, Exceptions::ExceptionMsgToUtf8Mode)+0x11d
V  [libjvm.so+0x559303]  GenerateOopMap::verify_error(char const*, ...)+0xd3
V  [libjvm.so+0x55deb0]  GenerateOopMap::do_interpretation()+0x40
V  [libjvm.so+0x55e227]  GenerateOopMap::compute_map(Thread*)+0x2b7
V  [libjvm.so+0x7bd923]  OopMapForCacheEntry::compute_map(Thread*)+0x93
V  [libjvm.so+0x7be613]  OopMapCacheEntry::fill(methodHandle, int)+0x103
V  [libjvm.so+0x7bf3b7]  OopMapCache::lookup(methodHandle, int, InterpreterOopMap*)+0x127
V  [libjvm.so+0x77f5ca]  methodOopDesc::mask_for(int, InterpreterOopMap*)+0x6a
V  [libjvm.so+0x93f88c]  interpretedVFrame::locals() const+0x10c
V  [libjvm.so+0x6acf9a]  VM_GetOrSetLocal::doit()+0x9a
V  [libjvm.so+0x950ed7]  VM_Operation::evaluate()+0x47
V  [libjvm.so+0x94f848]  VMThread::evaluate_operation(VM_Operation*)+0x318
V  [libjvm.so+0x94fca9]  VMThread::loop()+0x219
V  [libjvm.so+0x9500f2]  VMThread::run()+0x72
V  [libjvm.so+0x7c4f62]  java_start(Thread*)+0xf2

VM_Operation (0x00007ff1c9d6e980): GetOrSetLocal, mode: safepoint, requested by thread 0x00007ff1d40b5000


---------------  P R O C E S S  ---------------

Java Threads: ( => current thread )
  0x00007ff1d400c800 JavaThread "DestroyJavaVM" [_thread_blocked, id=16909, stack(0x00007ff1dcdcb000,0x00007ff1dcecc000)]
  0x00007ff1d4253800 JavaThread "Thread-3" [_thread_blocked, id=16948, stack(0x00007ff1877ec000,0x00007ff1878ed000)]
  0x00007ff1d42a4800 JavaThread "AWT-EventQueue-0" [_thread_blocked, id=16946, stack(0x00007ff1878ed000,0x00007ff1879ee000)]
  0x00007ff1d42a2800 JavaThread "AWT-Shutdown" [_thread_blocked, id=16945, stack(0x00007ff1879ee000,0x00007ff187aef000)]
  0x00007ff1d4268000 JavaThread "AWT-XAWT" daemon [_thread_in_native, id=16944, stack(0x00007ff187aef000,0x00007ff187bf0000)]
  0x00007ff1d4244000 JavaThread "Java2D Disposer" daemon [_thread_blocked, id=16943, stack(0x00007ff1c8034000,0x00007ff1c8135000)]
  0x00007ff1d40c0800 JavaThread "Service Thread" daemon [_thread_blocked, id=16929, stack(0x00007ff1c976a000,0x00007ff1c986b000)]
  0x00007ff1d40be000 JavaThread "C2 CompilerThread1" daemon [_thread_blocked, id=16928, stack(0x00007ff1c986b000,0x00007ff1c996c000)]
  0x00007ff1d40bb000 JavaThread "C2 CompilerThread0" daemon [_thread_blocked, id=16927, stack(0x00007ff1c996c000,0x00007ff1c9a6d000)]
  0x00007ff1a4001000 JavaThread "JDWP Command Reader" daemon [_thread_in_native, id=16924, stack(0x00007ff1c9a6d000,0x00007ff1c9b6e000)]
  0x00007ff1d40b8800 JavaThread "JDWP Event Helper Thread" daemon [_thread_blocked, id=16922, stack(0x00007ff1c9b6e000,0x00007ff1c9c6f000)]
  0x00007ff1d40b5000 JavaThread "JDWP Transport Listener: dt_socket" daemon [_thread_blocked, id=16920, stack(0x00007ff1c9c6f000,0x00007ff1c9d70000)]
  0x00007ff1d40a8800 JavaThread "Signal Dispatcher" daemon [_thread_blocked, id=16918, stack(0x00007ff1d026f000,0x00007ff1d0370000)]
  0x00007ff1d407e000 JavaThread "Finalizer" daemon [_thread_blocked, id=16916, stack(0x00007ff1d0370000,0x00007ff1d0471000)]
  0x00007ff1d407c000 JavaThread "Reference Handler" daemon [_thread_blocked, id=16915, stack(0x00007ff1d0471000,0x00007ff1d0572000)]

Other Threads:
=>0x00007ff1d4077800 VMThread [stack: 0x00007ff1d0572000,0x00007ff1d0673000] [id=16914]
  0x00007ff1d40cb000 WatcherThread [stack: 0x00007ff1c9669000,0x00007ff1c976a000] [id=16930]

VM state:at safepoint (normal execution)

VM Mutex/Monitor currently owned by a thread:  ([mutex/lock_event])
[0x00007ff1d4008a10] Threads_lock - owner thread: 0x00007ff1d4077800

Heap
 PSYoungGen      total 64000K, used 56247K [0x00000000ec680000, 0x00000000f4480000, 0x0000000100000000)
  eden space 61440K, 91% used [0x00000000ec680000,0x00000000efd4de40,0x00000000f0280000)
  from space 2560K, 5% used [0x00000000f0280000,0x00000000f02a0000,0x00000000f0500000)
  to   space 3072K, 0% used [0x00000000f4180000,0x00000000f4180000,0x00000000f4480000)
 ParOldGen       total 39936K, used 2137K [0x00000000c5400000, 0x00000000c7b00000, 0x00000000ec680000)
  object space 39936K, 5% used [0x00000000c5400000,0x00000000c5616778,0x00000000c7b00000)
 PSPermGen       total 21504K, used 8841K [0x00000000bae00000, 0x00000000bc300000, 0x00000000c5400000)
  object space 21504K, 41% used [0x00000000bae00000,0x00000000bb6a2580,0x00000000bc300000)

Card table byte_map: [0x00007ff1d90e4000,0x00007ff1d930e000] byte_map_base: 0x00007ff1d8b0d000

Polling page: 0x00007ff1dcef3000

Code Cache  [0x00007ff1d1000000, 0x00007ff1d1270000, 0x00007ff1d4000000)
 total_blobs=602 nmethods=234 adapters=330 free_code_cache=48234Kb largest_free_block=49355648

Compilation events (10 events):
Event: 4.348 Thread 0x00007ff1d40bb000 nmethod 230 0x00007ff1d10e6690 code [0x00007ff1d10e67e0, 0x00007ff1d10e6878]
Event: 4.348 Thread 0x00007ff1d40bb000  231             sun.awt.image.VolatileSurfaceManager::contentsLost (5 bytes)
Event: 4.348 Thread 0x00007ff1d40bb000 nmethod 231 0x00007ff1d10e6490 code [0x00007ff1d10e65c0, 0x00007ff1d10e6618]
Event: 4.348 Thread 0x00007ff1d40bb000  232             javax.swing.BufferStrategyPaintManager::resetAccumulated (23 bytes)
Event: 4.348 Thread 0x00007ff1d40bb000 nmethod 232 0x00007ff1d10e6290 code [0x00007ff1d10e63c0, 0x00007ff1d10e6418]
Event: 4.348 Thread 0x00007ff1d40bb000  233             javax.swing.JComponent::isOptimizedDrawingEnabled (2 bytes)
Event: 4.348 Thread 0x00007ff1d40bb000 nmethod 233 0x00007ff1d10e6090 code [0x00007ff1d10e61c0, 0x00007ff1d10e6218]
Event: 4.348 Thread 0x00007ff1d40bb000  234   !         java.awt.Component$BltBufferStrategy::showSubRegion (176 bytes)
Event: 4.350 Thread 0x00007ff1d40be000 nmethod 228 0x00007ff1d10e7c50 code [0x00007ff1d10e7de0, 0x00007ff1d10e8098]
Event: 4.374 Thread 0x00007ff1d40bb000 nmethod 234 0x00007ff1d10ec450 code [0x00007ff1d10ec6a0, 0x00007ff1d10ed4d0]

GC Heap History (10 events):
Event: 1.697 GC heap before
{Heap before GC invocations=3 (full 0):
 PSYoungGen      total 17920K, used 17538K [0x00000000ec680000, 0x00000000ee980000, 0x0000000100000000)
  eden space 15360K, 100% used [0x00000000ec680000,0x00000000ed580000,0x00000000ed580000)
  from space 2560K, 85% used [0x00000000ed800000,0x00000000eda20a40,0x00000000eda80000)
  to   space 2560K, 0% used [0x00000000ed580000,0x00000000ed580000,0x00000000ed800000)
 ParOldGen       total 39936K, used 16K [0x00000000c5400000, 0x00000000c7b00000, 0x00000000ec680000)
  object space 39936K, 0% used [0x00000000c5400000,0x00000000c5404000,0x00000000c7b00000)
 PSPermGen       total 21504K, used 8662K [0x00000000bae00000, 0x00000000bc300000, 0x00000000c5400000)
  object space 21504K, 40% used [0x00000000bae00000,0x00000000bb6759e8,0x00000000bc300000)
Event: 1.701 GC heap after
Heap after GC invocations=3 (full 0):
 PSYoungGen      total 17920K, used 2180K [0x00000000ec680000, 0x00000000ee980000, 0x0000000100000000)
  eden space 15360K, 0% used [0x00000000ec680000,0x00000000ec680000,0x00000000ed580000)
  from space 2560K, 85% used [0x00000000ed580000,0x00000000ed7a1250,0x00000000ed800000)
  to   space 2560K, 0% used [0x00000000ee700000,0x00000000ee700000,0x00000000ee980000)
 ParOldGen       total 39936K, used 16K [0x00000000c5400000, 0x00000000c7b00000, 0x00000000ec680000)
  object space 39936K, 0% used [0x00000000c5400000,0x00000000c5404000,0x00000000c7b00000)
 PSPermGen       total 21504K, used 8662K [0x00000000bae00000, 0x00000000bc300000, 0x00000000c5400000)
  object space 21504K, 40% used [0x00000000bae00000,0x00000000bb6759e8,0x00000000bc300000)
}
Event: 1.952 GC heap before
{Heap before GC invocations=4 (full 0):
 PSYoungGen      total 17920K, used 17540K [0x00000000ec680000, 0x00000000ee980000, 0x0000000100000000)
  eden space 15360K, 100% used [0x00000000ec680000,0x00000000ed580000,0x00000000ed580000)
  from space 2560K, 85% used [0x00000000ed580000,0x00000000ed7a1250,0x00000000ed800000)
  to   space 2560K, 0% used [0x00000000ee700000,0x00000000ee700000,0x00000000ee980000)
 ParOldGen       total 39936K, used 16K [0x00000000c5400000, 0x00000000c7b00000, 0x00000000ec680000)
  object space 39936K, 0% used [0x00000000c5400000,0x00000000c5404000,0x00000000c7b00000)
 PSPermGen       total 21504K, used 8681K [0x00000000bae00000, 0x00000000bc300000, 0x00000000c5400000)
  object space 21504K, 40% used [0x00000000bae00000,0x00000000bb67a748,0x00000000bc300000)
Event: 1.958 GC heap after
Heap after GC invocations=4 (full 0):
 PSYoungGen      total 33280K, used 2196K [0x00000000ec680000, 0x00000000ee980000, 0x0000000100000000)
  eden space 30720K, 0% used [0x00000000ec680000,0x00000000ec680000,0x00000000ee480000)
  from space 2560K, 85% used [0x00000000ee700000,0x00000000ee925260,0x00000000ee980000)
  to   space 2560K, 0% used [0x00000000ee480000,0x00000000ee480000,0x00000000ee700000)
 ParOldGen       total 39936K, used 24K [0x00000000c5400000, 0x00000000c7b00000, 0x00000000ec680000)
  object space 39936K, 0% used [0x00000000c5400000,0x00000000c5406000,0x00000000c7b00000)
 PSPermGen       total 21504K, used 8681K [0x00000000bae00000, 0x00000000bc300000, 0x00000000c5400000)
  object space 21504K, 40% used [0x00000000bae00000,0x00000000bb67a748,0x00000000bc300000)
}
Event: 2.490 GC heap before
{Heap before GC invocations=5 (full 0):
 PSYoungGen      total 33280K, used 32916K [0x00000000ec680000, 0x00000000ee980000, 0x0000000100000000)
  eden space 30720K, 100% used [0x00000000ec680000,0x00000000ee480000,0x00000000ee480000)
  from space 2560K, 85% used [0x00000000ee700000,0x00000000ee925260,0x00000000ee980000)
  to   space 2560K, 0% used [0x00000000ee480000,0x00000000ee480000,0x00000000ee700000)
 ParOldGen       total 39936K, used 24K [0x00000000c5400000, 0x00000000c7b00000, 0x00000000ec680000)
  object space 39936K, 0% used [0x00000000c5400000,0x00000000c5406000,0x00000000c7b00000)
 PSPermGen       total 21504K, used 8697K [0x00000000bae00000, 0x00000000bc300000, 0x00000000c5400000)
  object space 21504K, 40% used [0x00000000bae00000,0x00000000bb67e538,0x00000000bc300000)
Event: 2.494 GC heap after
Heap after GC invocations=5 (full 0):
 PSYoungGen      total 33280K, used 2196K [0x00000000ec680000, 0x00000000f0780000, 0x0000000100000000)
  eden space 30720K, 0% used [0x00000000ec680000,0x00000000ec680000,0x00000000ee480000)
  from space 2560K, 85% used [0x00000000ee480000,0x00000000ee6a5260,0x00000000ee700000)
  to   space 2560K, 0% used [0x00000000f0500000,0x00000000f0500000,0x00000000f0780000)
 ParOldGen       total 39936K, used 32K [0x00000000c5400000, 0x00000000c7b00000, 0x00000000ec680000)
  object space 39936K, 0% used [0x00000000c5400000,0x00000000c5408000,0x00000000c7b00000)
 PSPermGen       total 21504K, used 8697K [0x00000000bae00000, 0x00000000bc300000, 0x00000000c5400000)
  object space 21504K, 40% used [0x00000000bae00000,0x00000000bb67e538,0x00000000bc300000)
}
Event: 2.964 GC heap before
{Heap before GC invocations=6 (full 0):
 PSYoungGen      total 33280K, used 32916K [0x00000000ec680000, 0x00000000f0780000, 0x0000000100000000)
  eden space 30720K, 100% used [0x00000000ec680000,0x00000000ee480000,0x00000000ee480000)
  from space 2560K, 85% used [0x00000000ee480000,0x00000000ee6a5260,0x00000000ee700000)
  to   space 2560K, 0% used [0x00000000f0500000,0x00000000f0500000,0x00000000f0780000)
 ParOldGen       total 39936K, used 32K [0x00000000c5400000, 0x00000000c7b00000, 0x00000000ec680000)
  object space 39936K, 0% used [0x00000000c5400000,0x00000000c5408000,0x00000000c7b00000)
 PSPermGen       total 21504K, used 8712K [0x00000000bae00000, 0x00000000bc300000, 0x00000000c5400000)
  object space 21504K, 40% used [0x00000000bae00000,0x00000000bb6823d8,0x00000000bc300000)
Event: 2.968 GC heap after
Heap after GC invocations=6 (full 0):
 PSYoungGen      total 64000K, used 2164K [0x00000000ec680000, 0x00000000f0780000, 0x0000000100000000)
  eden space 61440K, 0% used [0x00000000ec680000,0x00000000ec680000,0x00000000f0280000)
  from space 2560K, 84% used [0x00000000f0500000,0x00000000f071d260,0x00000000f0780000)
  to   space 2560K, 0% used [0x00000000f0280000,0x00000000f0280000,0x00000000f0500000)
 ParOldGen       total 39936K, used 40K [0x00000000c5400000, 0x00000000c7b00000, 0x00000000ec680000)
  object space 39936K, 0% used [0x00000000c5400000,0x00000000c540a000,0x00000000c7b00000)
 PSPermGen       total 21504K, used 8712K [0x00000000bae00000, 0x00000000bc300000, 0x00000000c5400000)
  object space 21504K, 40% used [0x00000000bae00000,0x00000000bb6823d8,0x00000000bc300000)
}
Event: 3.735 GC heap before
{Heap before GC invocations=7 (full 0):
 PSYoungGen      total 64000K, used 63604K [0x00000000ec680000, 0x00000000f0780000, 0x0000000100000000)
  eden space 61440K, 100% used [0x00000000ec680000,0x00000000f0280000,0x00000000f0280000)
  from space 2560K, 84% used [0x00000000f0500000,0x00000000f071d260,0x00000000f0780000)
  to   space 2560K, 0% used [0x00000000f0280000,0x00000000f0280000,0x00000000f0500000)
 ParOldGen       total 39936K, used 40K [0x00000000c5400000, 0x00000000c7b00000, 0x00000000ec680000)
  object space 39936K, 0% used [0x00000000c5400000,0x00000000c540a000,0x00000000c7b00000)
 PSPermGen       total 21504K, used 8749K [0x00000000bae00000, 0x00000000bc300000, 0x00000000c5400000)
  object space 21504K, 40% used [0x00000000bae00000,0x00000000bb68b798,0x00000000bc300000)
Event: 3.740 GC heap after
Heap after GC invocations=7 (full 0):
 PSYoungGen      total 64000K, used 128K [0x00000000ec680000, 0x00000000f4480000, 0x0000000100000000)
  eden space 61440K, 0% used [0x00000000ec680000,0x00000000ec680000,0x00000000f0280000)
  from space 2560K, 5% used [0x00000000f0280000,0x00000000f02a0000,0x00000000f0500000)
  to   space 3072K, 0% used [0x00000000f4180000,0x00000000f4180000,0x00000000f4480000)
 ParOldGen       total 39936K, used 2137K [0x00000000c5400000, 0x00000000c7b00000, 0x00000000ec680000)
  object space 39936K, 5% used [0x00000000c5400000,0x00000000c5616778,0x00000000c7b00000)
 PSPermGen       total 21504K, used 8749K [0x00000000bae00000, 0x00000000bc300000, 0x00000000c5400000)
  object space 21504K, 40% used [0x00000000bae00000,0x00000000bb68b798,0x00000000bc300000)
}

Deoptimization events (2 events):
Event: 2.608 Thread 0x00007ff1d42a4800 Uncommon trap: reason=unreached action=reinterpret pc=0x00007ff1d108e114 method=java.util.concurrent.locks.AbstractQueuedSynchronizer.release(I)Z @ 14
Event: 2.608 Thread 0x00007ff1d42a4800 Uncommon trap: reason=unreached action=reinterpret pc=0x00007ff1d108ec24 method=java.util.concurrent.locks.AbstractQueuedSynchronizer.release(I)Z @ 14

Internal exceptions (10 events):
Event: 0.331 Thread 0x00007ff1d400c800 Threw 0x00000000ec9d45e8 at /build/openjdk-7-FO0dNI/openjdk-7-7u79-2.5.6/build/openjdk/hotspot/src/share/vm/prims/jvm.cpp:1284
Event: 0.331 Thread 0x00007ff1d400c800 Threw 0x00000000ec9d58b0 at /build/openjdk-7-FO0dNI/openjdk-7-7u79-2.5.6/build/openjdk/hotspot/src/share/vm/prims/jvm.cpp:1284
Event: 0.384 Thread 0x00007ff1d400c800 Threw 0x00000000eca11da8 at /build/openjdk-7-FO0dNI/openjdk-7-7u79-2.5.6/build/openjdk/hotspot/src/share/vm/prims/jvm.cpp:1284
Event: 0.395 Thread 0x00007ff1d400c800 Threw 0x00000000eca633c8 at /build/openjdk-7-FO0dNI/openjdk-7-7u79-2.5.6/build/openjdk/hotspot/src/share/vm/prims/jvm.cpp:1284
Event: 0.502 Thread 0x00007ff1d42a4800 Threw 0x00000000eca25d90 at /build/openjdk-7-FO0dNI/openjdk-7-7u79-2.5.6/build/openjdk/hotspot/src/share/vm/prims/jni.cpp:747
Event: 0.644 Thread 0x00007ff1d400c800 Threw 0x00000000eca69148 at /build/openjdk-7-FO0dNI/openjdk-7-7u79-2.5.6/build/openjdk/hotspot/src/share/vm/prims/jvm.cpp:1284
Event: 0.645 Thread 0x00007ff1d400c800 Threw 0x00000000eca6b1c8 at /build/openjdk-7-FO0dNI/openjdk-7-7u79-2.5.6/build/openjdk/hotspot/src/share/vm/prims/jvm.cpp:1284
Event: 0.646 Thread 0x00007ff1d400c800 Threw 0x00000000eca6d8e8 at /build/openjdk-7-FO0dNI/openjdk-7-7u79-2.5.6/build/openjdk/hotspot/src/share/vm/prims/jvm.cpp:1284
Event: 2.608 Thread 0x00007ff1d42a4800 Implicit null exception at 0x00007ff1d108e075 to 0x00007ff1d108e101
Event: 2.608 Thread 0x00007ff1d42a4800 Implicit null exception at 0x00007ff1d108ebb3 to 0x00007ff1d108ec11

Events (10 events):
Event: 56.695 Executing VM operation: ChangeBreakpoints done
Event: 56.697 Executing VM operation: EnterInterpOnlyMode
Event: 56.697 Executing VM operation: EnterInterpOnlyMode done
Event: 56.697 Executing VM operation: GetCurrentLocation
Event: 56.697 Executing VM operation: GetCurrentLocation done
Event: 56.697 Executing VM operation: ChangeSingleStep
Event: 56.697 Executing VM operation: ChangeSingleStep done
Event: 56.698 Executing VM operation: ChangeSingleStep
Event: 56.698 Executing VM operation: ChangeSingleStep done
Event: 56.733 Executing VM operation: GetOrSetLocal


Dynamic libraries:
00400000-00401000 r-xp 00000000 08:06 266553                             /usr/lib/jvm/java-7-openjdk-amd64/jre/bin/java
00600000-00601000 r--p 00000000 08:06 266553                             /usr/lib/jvm/java-7-openjdk-amd64/jre/bin/java
00601000-00602000 rw-p 00001000 08:06 266553                             /usr/lib/jvm/java-7-openjdk-amd64/jre/bin/java
00ee3000-00f04000 rw-p 00000000 00:00 0                                  [heap]
bae00000-bc300000 rw-p 00000000 00:00 0 
bc300000-c5400000 rw-p 00000000 00:00 0 
c5400000-c7b00000 rw-p 00000000 00:00 0 
c7b00000-ec680000 rw-p 00000000 00:00 0 
ec680000-f4480000 rw-p 00000000 00:00 0 
f4480000-100000000 rw-p 00000000 00:00 0 
7ff170000000-7ff170246000 rw-p 00000000 00:00 0 
7ff170246000-7ff174000000 ---p 00000000 00:00 0 
7ff174000000-7ff174021000 rw-p 00000000 00:00 0 
7ff174021000-7ff178000000 ---p 00000000 00:00 0 
7ff178000000-7ff178021000 rw-p 00000000 00:00 0 
7ff178021000-7ff17c000000 ---p 00000000 00:00 0 
7ff17c000000-7ff17c1a3000 rw-p 00000000 00:00 0 
7ff17c1a3000-7ff180000000 ---p 00000000 00:00 0 
7ff180000000-7ff180021000 rw-p 00000000 00:00 0 
7ff180021000-7ff184000000 ---p 00000000 00:00 0 
7ff1876eb000-7ff1876ee000 ---p 00000000 00:00 0 
7ff1876ee000-7ff1877ec000 rw-p 00000000 00:00 0 
7ff1877ec000-7ff1877ef000 ---p 00000000 00:00 0 
7ff1877ef000-7ff1878ed000 rw-p 00000000 00:00 0                          [stack:16948]
7ff1878ed000-7ff1878f0000 ---p 00000000 00:00 0 
7ff1878f0000-7ff1879ee000 rw-p 00000000 00:00 0                          [stack:16946]
7ff1879ee000-7ff1879f1000 ---p 00000000 00:00 0 
7ff1879f1000-7ff187aef000 rw-p 00000000 00:00 0                          [stack:16945]
7ff187aef000-7ff187af2000 ---p 00000000 00:00 0 
7ff187af2000-7ff187bf0000 rw-p 00000000 00:00 0                          [stack:16944]
7ff187bf0000-7ff187bf5000 r-xp 00000000 08:06 266129                     /usr/lib/x86_64-linux-gnu/libXfixes.so.3.1.0
7ff187bf5000-7ff187df4000 ---p 00005000 08:06 266129                     /usr/lib/x86_64-linux-gnu/libXfixes.so.3.1.0
7ff187df4000-7ff187df5000 r--p 00004000 08:06 266129                     /usr/lib/x86_64-linux-gnu/libXfixes.so.3.1.0
7ff187df5000-7ff187df6000 rw-p 00005000 08:06 266129                     /usr/lib/x86_64-linux-gnu/libXfixes.so.3.1.0
7ff187df6000-7ff187dff000 r-xp 00000000 08:06 273574                     /usr/lib/x86_64-linux-gnu/libXcursor.so.1.0.2
7ff187dff000-7ff187ffe000 ---p 00009000 08:06 273574                     /usr/lib/x86_64-linux-gnu/libXcursor.so.1.0.2
7ff187ffe000-7ff187fff000 r--p 00008000 08:06 273574                     /usr/lib/x86_64-linux-gnu/libXcursor.so.1.0.2
7ff187fff000-7ff188000000 rw-p 00009000 08:06 273574                     /usr/lib/x86_64-linux-gnu/libXcursor.so.1.0.2
7ff188000000-7ff188021000 rw-p 00000000 00:00 0 
7ff188021000-7ff18c000000 ---p 00000000 00:00 0 
7ff18c000000-7ff18c021000 rw-p 00000000 00:00 0 
7ff18c021000-7ff190000000 ---p 00000000 00:00 0 
7ff190042000-7ff190046000 r-xp 00000000 08:06 397754                     /lib/x86_64-linux-gnu/libgpg-error.so.0.10.0
7ff190046000-7ff190245000 ---p 00004000 08:06 397754                     /lib/x86_64-linux-gnu/libgpg-error.so.0.10.0
7ff190245000-7ff190246000 r--p 00003000 08:06 397754                     /lib/x86_64-linux-gnu/libgpg-error.so.0.10.0
7ff190246000-7ff190247000 rw-p 00004000 08:06 397754                     /lib/x86_64-linux-gnu/libgpg-error.so.0.10.0
7ff190247000-7ff190249000 r-xp 00000000 08:06 397764                     /lib/x86_64-linux-gnu/libkeyutils.so.1.4
7ff190249000-7ff190449000 ---p 00002000 08:06 397764                     /lib/x86_64-linux-gnu/libkeyutils.so.1.4
7ff190449000-7ff19044a000 r--p 00002000 08:06 397764                     /lib/x86_64-linux-gnu/libkeyutils.so.1.4
7ff19044a000-7ff19044b000 rw-p 00003000 08:06 397764                     /lib/x86_64-linux-gnu/libkeyutils.so.1.4
7ff19044b000-7ff190488000 r-xp 00000000 08:06 414719                     /lib/x86_64-linux-gnu/libpcre.so.3.13.1
7ff190488000-7ff190687000 ---p 0003d000 08:06 414719                     /lib/x86_64-linux-gnu/libpcre.so.3.13.1
7ff190687000-7ff190688000 r--p 0003c000 08:06 414719                     /lib/x86_64-linux-gnu/libpcre.so.3.13.1
7ff190688000-7ff190689000 rw-p 0003d000 08:06 414719                     /lib/x86_64-linux-gnu/libpcre.so.3.13.1
7ff190689000-7ff1906ae000 r-xp 00000000 08:06 397837                     /lib/x86_64-linux-gnu/libpng12.so.0.50.0
7ff1906ae000-7ff1908ad000 ---p 00025000 08:06 397837                     /lib/x86_64-linux-gnu/libpng12.so.0.50.0
7ff1908ad000-7ff1908ae000 r--p 00024000 08:06 397837                     /lib/x86_64-linux-gnu/libpng12.so.0.50.0
7ff1908ae000-7ff1908af000 rw-p 00025000 08:06 397837                     /lib/x86_64-linux-gnu/libpng12.so.0.50.0
7ff1908af000-7ff1908f3000 r-xp 00000000 08:06 394210                     /lib/x86_64-linux-gnu/libdbus-1.so.3.7.6
7ff1908f3000-7ff190af2000 ---p 00044000 08:06 394210                     /lib/x86_64-linux-gnu/libdbus-1.so.3.7.6
7ff190af2000-7ff190af3000 r--p 00043000 08:06 394210                     /lib/x86_64-linux-gnu/libdbus-1.so.3.7.6
7ff190af3000-7ff190af4000 rw-p 00044000 08:06 394210                     /lib/x86_64-linux-gnu/libdbus-1.so.3.7.6
7ff190af4000-7ff190b2f000 r-xp 00000000 08:06 274416                     /usr/lib/x86_64-linux-gnu/libp11-kit.so.0.0.0
7ff190b2f000-7ff190d2e000 ---p 0003b000 08:06 274416                     /usr/lib/x86_64-linux-gnu/libp11-kit.so.0.0.0
7ff190d2e000-7ff190d34000 r--p 0003a000 08:06 274416                     /usr/lib/x86_64-linux-gnu/libp11-kit.so.0.0.0
7ff190d34000-7ff190d36000 rw-p 00040000 08:06 274416                     /usr/lib/x86_64-linux-gnu/libp11-kit.so.0.0.0
7ff190d36000-7ff190d48000 r-xp 00000000 08:06 263398                     /usr/lib/x86_64-linux-gnu/libtasn1.so.6.2.0
7ff190d48000-7ff190f48000 ---p 00012000 08:06 263398                     /usr/lib/x86_64-linux-gnu/libtasn1.so.6.2.0
7ff190f48000-7ff190f49000 r--p 00012000 08:06 263398                     /usr/lib/x86_64-linux-gnu/libtasn1.so.6.2.0
7ff190f49000-7ff190f4a000 rw-p 00013000 08:06 263398                     /usr/lib/x86_64-linux-gnu/libtasn1.so.6.2.0
7ff190f4a000-7ff190fc6000 r-xp 00000000 08:06 394217                     /lib/x86_64-linux-gnu/libgcrypt.so.11.8.2
7ff190fc6000-7ff1911c6000 ---p 0007c000 08:06 394217                     /lib/x86_64-linux-gnu/libgcrypt.so.11.8.2
7ff1911c6000-7ff1911c7000 r--p 0007c000 08:06 394217                     /lib/x86_64-linux-gnu/libgcrypt.so.11.8.2
7ff1911c7000-7ff1911ca000 rw-p 0007d000 08:06 394217                     /lib/x86_64-linux-gnu/libgcrypt.so.11.8.2
7ff1911ca000-7ff1911d4000 r-xp 00000000 08:06 272979                     /usr/lib/x86_64-linux-gnu/libkrb5support.so.0.1
7ff1911d4000-7ff1913d3000 ---p 0000a000 08:06 272979                     /usr/lib/x86_64-linux-gnu/libkrb5support.so.0.1
7ff1913d3000-7ff1913d4000 r--p 00009000 08:06 272979                     /usr/lib/x86_64-linux-gnu/libkrb5support.so.0.1
7ff1913d4000-7ff1913d5000 rw-p 0000a000 08:06 272979                     /usr/lib/x86_64-linux-gnu/libkrb5support.so.0.1
7ff1913d5000-7ff1913d8000 r-xp 00000000 08:06 397712                     /lib/x86_64-linux-gnu/libcom_err.so.2.1
7ff1913d8000-7ff1915d7000 ---p 00003000 08:06 397712                     /lib/x86_64-linux-gnu/libcom_err.so.2.1
7ff1915d7000-7ff1915d8000 r--p 00002000 08:06 397712                     /lib/x86_64-linux-gnu/libcom_err.so.2.1
7ff1915d8000-7ff1915d9000 rw-p 00003000 08:06 397712                     /lib/x86_64-linux-gnu/libcom_err.so.2.1
7ff1915d9000-7ff191605000 r-xp 00000000 08:06 272973                     /usr/lib/x86_64-linux-gnu/libk5crypto.so.3.1
7ff191605000-7ff191804000 ---p 0002c000 08:06 272973                     /usr/lib/x86_64-linux-gnu/libk5crypto.so.3.1
7ff191804000-7ff191806000 r--p 0002b000 08:06 272973                     /usr/lib/x86_64-linux-gnu/libk5crypto.so.3.1
7ff191806000-7ff191807000 rw-p 0002d000 08:06 272973                     /usr/lib/x86_64-linux-gnu/libk5crypto.so.3.1
7ff191807000-7ff191808000 rw-p 00000000 00:00 0 
7ff191808000-7ff1918c4000 r-xp 00000000 08:06 269264                     /usr/lib/x86_64-linux-gnu/libkrb5.so.3.3
7ff1918c4000-7ff191ac4000 ---p 000bc000 08:06 269264                     /usr/lib/x86_64-linux-gnu/libkrb5.so.3.3
7ff191ac4000-7ff191ad1000 r--p 000bc000 08:06 269264                     /usr/lib/x86_64-linux-gnu/libkrb5.so.3.3
7ff191ad1000-7ff191ad3000 rw-p 000c9000 08:06 269264                     /usr/lib/x86_64-linux-gnu/libkrb5.so.3.3
7ff191ad3000-7ff191ad8000 r-xp 00000000 08:06 273578                     /usr/lib/x86_64-linux-gnu/libXdmcp.so.6.0.0
7ff191ad8000-7ff191cd7000 ---p 00005000 08:06 273578                     /usr/lib/x86_64-linux-gnu/libXdmcp.so.6.0.0
7ff191cd7000-7ff191cd8000 r--p 00004000 08:06 273578                     /usr/lib/x86_64-linux-gnu/libXdmcp.so.6.0.0
7ff191cd8000-7ff191cd9000 rw-p 00005000 08:06 273578                     /usr/lib/x86_64-linux-gnu/libXdmcp.so.6.0.0
7ff191cd9000-7ff191cdb000 r-xp 00000000 08:06 273567                     /usr/lib/x86_64-linux-gnu/libXau.so.6.0.0
7ff191cdb000-7ff191edb000 ---p 00002000 08:06 273567                     /usr/lib/x86_64-linux-gnu/libXau.so.6.0.0
7ff191edb000-7ff191edc000 r--p 00002000 08:06 273567                     /usr/lib/x86_64-linux-gnu/libXau.so.6.0.0
7ff191edc000-7ff191edd000 rw-p 00003000 08:06 273567                     /usr/lib/x86_64-linux-gnu/libXau.so.6.0.0
7ff191edd000-7ff191ee4000 r-xp 00000000 08:06 273876                     /usr/lib/x86_64-linux-gnu/libffi.so.6.0.1
7ff191ee4000-7ff1920e3000 ---p 00007000 08:06 273876                     /usr/lib/x86_64-linux-gnu/libffi.so.6.0.1
7ff1920e3000-7ff1920e4000 r--p 00006000 08:06 273876                     /usr/lib/x86_64-linux-gnu/libffi.so.6.0.1
7ff1920e4000-7ff1920e5000 rw-p 00007000 08:06 273876                     /usr/lib/x86_64-linux-gnu/libffi.so.6.0.1
7ff1920e5000-7ff1920fc000 r-xp 00000000 08:06 393246                     /lib/x86_64-linux-gnu/libresolv-2.19.so
7ff1920fc000-7ff1922fc000 ---p 00017000 08:06 393246                     /lib/x86_64-linux-gnu/libresolv-2.19.so
7ff1922fc000-7ff1922fd000 r--p 00017000 08:06 393246                     /lib/x86_64-linux-gnu/libresolv-2.19.so
7ff1922fd000-7ff1922fe000 rw-p 00018000 08:06 393246                     /lib/x86_64-linux-gnu/libresolv-2.19.so
7ff1922fe000-7ff192300000 rw-p 00000000 00:00 0 
7ff192300000-7ff192320000 r-xp 00000000 08:06 397773                     /lib/x86_64-linux-gnu/libselinux.so.1
7ff192320000-7ff19251f000 ---p 00020000 08:06 397773                     /lib/x86_64-linux-gnu/libselinux.so.1
7ff19251f000-7ff192520000 r--p 0001f000 08:06 397773                     /lib/x86_64-linux-gnu/libselinux.so.1
7ff192520000-7ff192521000 rw-p 00020000 08:06 397773                     /lib/x86_64-linux-gnu/libselinux.so.1
7ff192521000-7ff192523000 rw-p 00000000 00:00 0 
7ff192523000-7ff192629000 r-xp 00000000 08:06 398248                     /lib/x86_64-linux-gnu/libglib-2.0.so.0.4002.0
7ff192629000-7ff192828000 ---p 00106000 08:06 398248                     /lib/x86_64-linux-gnu/libglib-2.0.so.0.4002.0
7ff192828000-7ff192829000 r--p 00105000 08:06 398248                     /lib/x86_64-linux-gnu/libglib-2.0.so.0.4002.0
7ff192829000-7ff19282a000 rw-p 00106000 08:06 398248                     /lib/x86_64-linux-gnu/libglib-2.0.so.0.4002.0
7ff19282a000-7ff19282b000 rw-p 00000000 00:00 0 
7ff19282b000-7ff19282e000 r-xp 00000000 08:06 268837                     /usr/lib/x86_64-linux-gnu/libgmodule-2.0.so.0.4002.0
7ff19282e000-7ff192a2d000 ---p 00003000 08:06 268837                     /usr/lib/x86_64-linux-gnu/libgmodule-2.0.so.0.4002.0
7ff192a2d000-7ff192a2e000 r--p 00002000 08:06 268837                     /usr/lib/x86_64-linux-gnu/libgmodule-2.0.so.0.4002.0
7ff192a2e000-7ff192a2f000 rw-p 00003000 08:06 268837                     /usr/lib/x86_64-linux-gnu/libgmodule-2.0.so.0.4002.0
7ff192a2f000-7ff192a56000 r-xp 00000000 08:06 397743                     /lib/x86_64-linux-gnu/libexpat.so.1.6.0
7ff192a56000-7ff192c56000 ---p 00027000 08:06 397743                     /lib/x86_64-linux-gnu/libexpat.so.1.6.0
7ff192c56000-7ff192c58000 r--p 00027000 08:06 397743                     /lib/x86_64-linux-gnu/libexpat.so.1.6.0
7ff192c58000-7ff192c59000 rw-p 00029000 08:06 397743                     /lib/x86_64-linux-gnu/libexpat.so.1.6.0
7ff192c59000-7ff192cf6000 r-xp 00000000 08:06 269105                     /usr/lib/x86_64-linux-gnu/libfreetype.so.6.11.1
7ff192cf6000-7ff192ef5000 ---p 0009d000 08:06 269105                     /usr/lib/x86_64-linux-gnu/libfreetype.so.6.11.1
7ff192ef5000-7ff192efb000 r--p 0009c000 08:06 269105                     /usr/lib/x86_64-linux-gnu/libfreetype.so.6.11.1
7ff192efb000-7ff192efc000 rw-p 000a2000 08:06 269105                     /usr/lib/x86_64-linux-gnu/libfreetype.so.6.11.1
7ff192efc000-7ff192f0b000 r-xp 00000000 08:06 273675                     /usr/lib/x86_64-linux-gnu/libavahi-client.so.3.2.9
7ff192f0b000-7ff19310b000 ---p 0000f000 08:06 273675                     /usr/lib/x86_64-linux-gnu/libavahi-client.so.3.2.9
7ff19310b000-7ff19310c000 r--p 0000f000 08:06 273675                     /usr/lib/x86_64-linux-gnu/libavahi-client.so.3.2.9
7ff19310c000-7ff19310d000 rw-p 00010000 08:06 273675                     /usr/lib/x86_64-linux-gnu/libavahi-client.so.3.2.9
7ff19310d000-7ff193118000 r-xp 00000000 08:06 273677                     /usr/lib/x86_64-linux-gnu/libavahi-common.so.3.5.3
7ff193118000-7ff193317000 ---p 0000b000 08:06 273677                     /usr/lib/x86_64-linux-gnu/libavahi-common.so.3.5.3
7ff193317000-7ff193318000 r--p 0000a000 08:06 273677                     /usr/lib/x86_64-linux-gnu/libavahi-common.so.3.5.3
7ff193318000-7ff193319000 rw-p 0000b000 08:06 273677                     /usr/lib/x86_64-linux-gnu/libavahi-common.so.3.5.3
7ff193319000-7ff1933cf000 r-xp 00000000 08:06 263701                     /usr/lib/x86_64-linux-gnu/libgnutls.so.26.22.6
7ff1933cf000-7ff1935cf000 ---p 000b6000 08:06 263701                     /usr/lib/x86_64-linux-gnu/libgnutls.so.26.22.6
7ff1935cf000-7ff1935d5000 r--p 000b6000 08:06 263701                     /usr/lib/x86_64-linux-gnu/libgnutls.so.26.22.6
7ff1935d5000-7ff1935d6000 rw-p 000bc000 08:06 263701                     /usr/lib/x86_64-linux-gnu/libgnutls.so.26.22.6
7ff1935d6000-7ff1935d7000 rw-p 00000000 00:00 0 
7ff1935d7000-7ff19361a000 r-xp 00000000 08:06 269260                     /usr/lib/x86_64-linux-gnu/libgssapi_krb5.so.2.2
7ff19361a000-7ff19381a000 ---p 00043000 08:06 269260                     /usr/lib/x86_64-linux-gnu/libgssapi_krb5.so.2.2
7ff19381a000-7ff19381b000 r--p 00043000 08:06 269260                     /usr/lib/x86_64-linux-gnu/libgssapi_krb5.so.2.2
7ff19381b000-7ff19381d000 rw-p 00044000 08:06 269260                     /usr/lib/x86_64-linux-gnu/libgssapi_krb5.so.2.2
7ff19381d000-7ff19383b000 r-xp 00000000 08:06 266268                     /usr/lib/x86_64-linux-gnu/libxcb.so.1.1.0
7ff19383b000-7ff193a3a000 ---p 0001e000 08:06 266268                     /usr/lib/x86_64-linux-gnu/libxcb.so.1.1.0
7ff193a3a000-7ff193a3b000 r--p 0001d000 08:06 266268                     /usr/lib/x86_64-linux-gnu/libxcb.so.1.1.0
7ff193a3b000-7ff193a3c000 rw-p 0001e000 08:06 266268                     /usr/lib/x86_64-linux-gnu/libxcb.so.1.1.0
7ff193a3c000-7ff193a8b000 r-xp 00000000 08:06 268839                     /usr/lib/x86_64-linux-gnu/libgobject-2.0.so.0.4002.0
7ff193a8b000-7ff193c8b000 ---p 0004f000 08:06 268839                     /usr/lib/x86_64-linux-gnu/libgobject-2.0.so.0.4002.0
7ff193c8b000-7ff193c8c000 r--p 0004f000 08:06 268839                     /usr/lib/x86_64-linux-gnu/libgobject-2.0.so.0.4002.0
7ff193c8c000-7ff193c8d000 rw-p 00050000 08:06 268839                     /usr/lib/x86_64-linux-gnu/libgobject-2.0.so.0.4002.0
7ff193c8d000-7ff193df9000 r-xp 00000000 08:06 268844                     /usr/lib/x86_64-linux-gnu/libgio-2.0.so.0.4002.0
7ff193df9000-7ff193ff8000 ---p 0016c000 08:06 268844                     /usr/lib/x86_64-linux-gnu/libgio-2.0.so.0.4002.0
7ff193ff8000-7ff193ffc000 r--p 0016b000 08:06 268844                     /usr/lib/x86_64-linux-gnu/libgio-2.0.so.0.4002.0
7ff193ffc000-7ff193ffe000 rw-p 0016f000 08:06 268844                     /usr/lib/x86_64-linux-gnu/libgio-2.0.so.0.4002.0
7ff193ffe000-7ff194000000 rw-p 00000000 00:00 0 
7ff194000000-7ff19425b000 rw-p 00000000 00:00 0 
7ff19425b000-7ff198000000 ---p 00000000 00:00 0 
7ff198000000-7ff198021000 rw-p 00000000 00:00 0 
7ff198021000-7ff19c000000 ---p 00000000 00:00 0 
7ff19c000000-7ff19c021000 rw-p 00000000 00:00 0 
7ff19c021000-7ff1a0000000 ---p 00000000 00:00 0 
7ff1a0000000-7ff1a051f000 rw-p 00000000 00:00 0 
7ff1a051f000-7ff1a4000000 ---p 00000000 00:00 0 
7ff1a4000000-7ff1a4093000 rw-p 00000000 00:00 0 
7ff1a4093000-7ff1a8000000 ---p 00000000 00:00 0 
7ff1a8000000-7ff1a8021000 rw-p 00000000 00:00 0 
7ff1a8021000-7ff1ac000000 ---p 00000000 00:00 0 
7ff1ac000000-7ff1ac021000 rw-p 00000000 00:00 0 
7ff1ac021000-7ff1b0000000 ---p 00000000 00:00 0 
7ff1b0000000-7ff1b0021000 rw-p 00000000 00:00 0 
7ff1b0021000-7ff1b4000000 ---p 00000000 00:00 0 
7ff1b4000000-7ff1b4249000 rw-p 00000000 00:00 0 
7ff1b4249000-7ff1b8000000 ---p 00000000 00:00 0 
7ff1b8000000-7ff1b8021000 rw-p 00000000 00:00 0 
7ff1b8021000-7ff1bc000000 ---p 00000000 00:00 0 
7ff1bc000000-7ff1bc021000 rw-p 00000000 00:00 0 
7ff1bc021000-7ff1c0000000 ---p 00000000 00:00 0 
7ff1c0000000-7ff1c0021000 rw-p 00000000 00:00 0 
7ff1c0021000-7ff1c4000000 ---p 00000000 00:00 0 
7ff1c4000000-7ff1c4021000 rw-p 00000000 00:00 0 
7ff1c4021000-7ff1c8000000 ---p 00000000 00:00 0 
7ff1c8034000-7ff1c8037000 ---p 00000000 00:00 0 
7ff1c8037000-7ff1c8135000 rw-p 00000000 00:00 0                          [stack:16943]
7ff1c8135000-7ff1c816f000 r-xp 00000000 08:06 269099                     /usr/lib/x86_64-linux-gnu/libfontconfig.so.1.8.0
7ff1c816f000-7ff1c836e000 ---p 0003a000 08:06 269099                     /usr/lib/x86_64-linux-gnu/libfontconfig.so.1.8.0
7ff1c836e000-7ff1c8370000 r--p 00039000 08:06 269099                     /usr/lib/x86_64-linux-gnu/libfontconfig.so.1.8.0
7ff1c8370000-7ff1c8371000 rw-p 0003b000 08:06 269099                     /usr/lib/x86_64-linux-gnu/libfontconfig.so.1.8.0
7ff1c8371000-7ff1c83dd000 r-xp 00000000 08:06 262270                     /usr/lib/x86_64-linux-gnu/libcups.so.2
7ff1c83dd000-7ff1c85dd000 ---p 0006c000 08:06 262270                     /usr/lib/x86_64-linux-gnu/libcups.so.2
7ff1c85dd000-7ff1c85e4000 r--p 0006c000 08:06 262270                     /usr/lib/x86_64-linux-gnu/libcups.so.2
7ff1c85e4000-7ff1c85e5000 rw-p 00073000 08:06 262270                     /usr/lib/x86_64-linux-gnu/libcups.so.2
7ff1c85e5000-7ff1c85f4000 r-xp 00000000 08:06 266137                     /usr/lib/x86_64-linux-gnu/libXi.so.6.1.0
7ff1c85f4000-7ff1c87f3000 ---p 0000f000 08:06 266137                     /usr/lib/x86_64-linux-gnu/libXi.so.6.1.0
7ff1c87f3000-7ff1c87f4000 r--p 0000e000 08:06 266137                     /usr/lib/x86_64-linux-gnu/libXi.so.6.1.0
7ff1c87f4000-7ff1c87f5000 rw-p 0000f000 08:06 266137                     /usr/lib/x86_64-linux-gnu/libXi.so.6.1.0
7ff1c87f5000-7ff1c87fa000 r-xp 00000000 08:06 273606                     /usr/lib/x86_64-linux-gnu/libXtst.so.6.1.0
7ff1c87fa000-7ff1c89f9000 ---p 00005000 08:06 273606                     /usr/lib/x86_64-linux-gnu/libXtst.so.6.1.0
7ff1c89f9000-7ff1c89fa000 r--p 00004000 08:06 273606                     /usr/lib/x86_64-linux-gnu/libXtst.so.6.1.0
7ff1c89fa000-7ff1c89fb000 rw-p 00005000 08:06 273606                     /usr/lib/x86_64-linux-gnu/libXtst.so.6.1.0
7ff1c89fb000-7ff1c8a04000 r-xp 00000000 08:06 269312                     /usr/lib/x86_64-linux-gnu/libXrender.so.1.3.0
7ff1c8a04000-7ff1c8c03000 ---p 00009000 08:06 269312                     /usr/lib/x86_64-linux-gnu/libXrender.so.1.3.0
7ff1c8c03000-7ff1c8c04000 r--p 00008000 08:06 269312                     /usr/lib/x86_64-linux-gnu/libXrender.so.1.3.0
7ff1c8c04000-7ff1c8c05000 rw-p 00009000 08:06 269312                     /usr/lib/x86_64-linux-gnu/libXrender.so.1.3.0
7ff1c8c05000-7ff1c8d35000 r-xp 00000000 08:06 273563                     /usr/lib/x86_64-linux-gnu/libX11.so.6.3.0
7ff1c8d35000-7ff1c8f35000 ---p 00130000 08:06 273563                     /usr/lib/x86_64-linux-gnu/libX11.so.6.3.0
7ff1c8f35000-7ff1c8f36000 r--p 00130000 08:06 273563                     /usr/lib/x86_64-linux-gnu/libX11.so.6.3.0
7ff1c8f36000-7ff1c8f3a000 rw-p 00131000 08:06 273563                     /usr/lib/x86_64-linux-gnu/libX11.so.6.3.0
7ff1c8f3a000-7ff1c8f4b000 r-xp 00000000 08:06 263230                     /usr/lib/x86_64-linux-gnu/libXext.so.6.4.0
7ff1c8f4b000-7ff1c914a000 ---p 00011000 08:06 263230                     /usr/lib/x86_64-linux-gnu/libXext.so.6.4.0
7ff1c914a000-7ff1c914b000 r--p 00010000 08:06 263230                     /usr/lib/x86_64-linux-gnu/libXext.so.6.4.0
7ff1c914b000-7ff1c914c000 rw-p 00011000 08:06 263230                     /usr/lib/x86_64-linux-gnu/libXext.so.6.4.0
7ff1c914c000-7ff1c9194000 r-xp 00000000 08:06 266440                     /usr/lib/jvm/java-7-openjdk-amd64/jre/lib/amd64/xawt/libmawt.so
7ff1c9194000-7ff1c9393000 ---p 00048000 08:06 266440                     /usr/lib/jvm/java-7-openjdk-amd64/jre/lib/amd64/xawt/libmawt.so
7ff1c9393000-7ff1c9394000 r--p 00047000 08:06 266440                     /usr/lib/jvm/java-7-openjdk-amd64/jre/lib/amd64/xawt/libmawt.so
7ff1c9394000-7ff1c9397000 rw-p 00048000 08:06 266440                     /usr/lib/jvm/java-7-openjdk-amd64/jre/lib/amd64/xawt/libmawt.so
7ff1c9397000-7ff1c9398000 rw-p 00000000 00:00 0 
7ff1c9398000-7ff1c9438000 r-xp 00000000 08:06 266497                     /usr/lib/jvm/java-7-openjdk-amd64/jre/lib/amd64/libawt.so
7ff1c9438000-7ff1c9638000 ---p 000a0000 08:06 266497                     /usr/lib/jvm/java-7-openjdk-amd64/jre/lib/amd64/libawt.so
7ff1c9638000-7ff1c9639000 r--p 000a0000 08:06 266497                     /usr/lib/jvm/java-7-openjdk-amd64/jre/lib/amd64/libawt.so
7ff1c9639000-7ff1c9644000 rw-p 000a1000 08:06 266497                     /usr/lib/jvm/java-7-openjdk-amd64/jre/lib/amd64/libawt.so
7ff1c9644000-7ff1c9669000 rw-p 00000000 00:00 0 
7ff1c9669000-7ff1c966a000 ---p 00000000 00:00 0 
7ff1c966a000-7ff1c976a000 rw-p 00000000 00:00 0                          [stack:16930]
7ff1c976a000-7ff1c976d000 ---p 00000000 00:00 0 
7ff1c976d000-7ff1c986b000 rw-p 00000000 00:00 0                          [stack:16929]
7ff1c986b000-7ff1c986e000 ---p 00000000 00:00 0 
7ff1c986e000-7ff1c996c000 rw-p 00000000 00:00 0                          [stack:16928]
7ff1c996c000-7ff1c996f000 ---p 00000000 00:00 0 
7ff1c996f000-7ff1c9a6d000 rw-p 00000000 00:00 0                          [stack:16927]
7ff1c9a6d000-7ff1c9a70000 ---p 00000000 00:00 0 
7ff1c9a70000-7ff1c9b6e000 rw-p 00000000 00:00 0                          [stack:16924]
7ff1c9b6e000-7ff1c9b71000 ---p 00000000 00:00 0 
7ff1c9b71000-7ff1c9c6f000 rw-p 00000000 00:00 0                          [stack:16922]
7ff1c9c6f000-7ff1c9c72000 ---p 00000000 00:00 0 
7ff1c9c72000-7ff1cc000000 rw-p 00000000 00:00 0                          [stack:16920]
7ff1cc000000-7ff1cc021000 rw-p 00000000 00:00 0 
7ff1cc021000-7ff1d0000000 ---p 00000000 00:00 0 
7ff1d0060000-7ff1d006a000 r--s 000ae000 08:06 266456                     /usr/lib/jvm/java-7-openjdk-amd64/jre/lib/resources.jar
7ff1d006a000-7ff1d006e000 r-xp 00000000 08:06 266513                     /usr/lib/jvm/java-7-openjdk-amd64/jre/lib/amd64/libdt_socket.so
7ff1d006e000-7ff1d026d000 ---p 00004000 08:06 266513                     /usr/lib/jvm/java-7-openjdk-amd64/jre/lib/amd64/libdt_socket.so
7ff1d026d000-7ff1d026e000 r--p 00003000 08:06 266513                     /usr/lib/jvm/java-7-openjdk-amd64/jre/lib/amd64/libdt_socket.so
7ff1d026e000-7ff1d026f000 rw-p 00004000 08:06 266513                     /usr/lib/jvm/java-7-openjdk-amd64/jre/lib/amd64/libdt_socket.so
7ff1d026f000-7ff1d0272000 ---p 00000000 00:00 0 
7ff1d0272000-7ff1d0370000 rw-p 00000000 00:00 0                          [stack:16918]
7ff1d0370000-7ff1d0373000 ---p 00000000 00:00 0 
7ff1d0373000-7ff1d0471000 rw-p 00000000 00:00 0                          [stack:16916]
7ff1d0471000-7ff1d0474000 ---p 00000000 00:00 0 
7ff1d0474000-7ff1d0572000 rw-p 00000000 00:00 0                          [stack:16915]
7ff1d0572000-7ff1d0573000 ---p 00000000 00:00 0 
7ff1d0573000-7ff1d1000000 rw-p 00000000 00:00 0                          [stack:16914]
7ff1d1000000-7ff1d1270000 rwxp 00000000 00:00 0 
7ff1d1270000-7ff1d42c8000 rw-p 00000000 00:00 0 
7ff1d42c8000-7ff1d8000000 ---p 00000000 00:00 0 
7ff1d8006000-7ff1d8010000 r--s 00203000 08:06 266455                     /usr/lib/jvm/java-7-openjdk-amd64/jre/lib/charsets.jar
7ff1d8010000-7ff1d8680000 rw-p 00000000 00:00 0 
7ff1d8680000-7ff1d8831000 r--s 01d29000 08:06 266451                     /usr/lib/jvm/java-7-openjdk-amd64/jre/lib/rt.jar
7ff1d8831000-7ff1d8b53000 rw-p 00000000 00:00 0 
7ff1d8b53000-7ff1d8b54000 ---p 00000000 00:00 0 
7ff1d8b54000-7ff1d8c54000 rw-p 00000000 00:00 0                          [stack:16913]
7ff1d8c54000-7ff1d8c55000 ---p 00000000 00:00 0 
7ff1d8c55000-7ff1d8d55000 rw-p 00000000 00:00 0                          [stack:16912]
7ff1d8d55000-7ff1d8d56000 ---p 00000000 00:00 0 
7ff1d8d56000-7ff1d8e56000 rw-p 00000000 00:00 0                          [stack:16911]
7ff1d8e56000-7ff1d8e57000 ---p 00000000 00:00 0 
7ff1d8e57000-7ff1d8f62000 rw-p 00000000 00:00 0                          [stack:16910]
7ff1d8f62000-7ff1d8faa000 rw-p 00000000 00:00 0 
7ff1d8faa000-7ff1d8fbe000 rw-p 00000000 00:00 0 
7ff1d8fbe000-7ff1d90e4000 rw-p 00000000 00:00 0 
7ff1d90e4000-7ff1d90ef000 rw-p 00000000 00:00 0 
7ff1d90ef000-7ff1d9137000 rw-p 00000000 00:00 0 
7ff1d9137000-7ff1d914b000 rw-p 00000000 00:00 0 
7ff1d914b000-7ff1d9270000 rw-p 00000000 00:00 0 
7ff1d9270000-7ff1d92b0000 rw-p 00000000 00:00 0 
7ff1d92b0000-7ff1d930d000 rw-p 00000000 00:00 0 
7ff1d930d000-7ff1d930e000 rw-p 00000000 00:00 0 
7ff1d930e000-7ff1d9316000 r-xp 00000000 08:06 266484                     /usr/lib/jvm/java-7-openjdk-amd64/jre/lib/amd64/libzip.so
7ff1d9316000-7ff1d9515000 ---p 00008000 08:06 266484                     /usr/lib/jvm/java-7-openjdk-amd64/jre/lib/amd64/libzip.so
7ff1d9515000-7ff1d9516000 r--p 00007000 08:06 266484                     /usr/lib/jvm/java-7-openjdk-amd64/jre/lib/amd64/libzip.so
7ff1d9516000-7ff1d9517000 rw-p 00008000 08:06 266484                     /usr/lib/jvm/java-7-openjdk-amd64/jre/lib/amd64/libzip.so
7ff1d9517000-7ff1d9522000 r-xp 00000000 08:06 394181                     /lib/x86_64-linux-gnu/libnss_files-2.19.so
7ff1d9522000-7ff1d9721000 ---p 0000b000 08:06 394181                     /lib/x86_64-linux-gnu/libnss_files-2.19.so
7ff1d9721000-7ff1d9722000 r--p 0000a000 08:06 394181                     /lib/x86_64-linux-gnu/libnss_files-2.19.so
7ff1d9722000-7ff1d9723000 rw-p 0000b000 08:06 394181                     /lib/x86_64-linux-gnu/libnss_files-2.19.so
7ff1d9723000-7ff1d972e000 r-xp 00000000 08:06 394245                     /lib/x86_64-linux-gnu/libnss_nis-2.19.so
7ff1d972e000-7ff1d992d000 ---p 0000b000 08:06 394245                     /lib/x86_64-linux-gnu/libnss_nis-2.19.so
7ff1d992d000-7ff1d992e000 r--p 0000a000 08:06 394245                     /lib/x86_64-linux-gnu/libnss_nis-2.19.so
7ff1d992e000-7ff1d992f000 rw-p 0000b000 08:06 394245                     /lib/x86_64-linux-gnu/libnss_nis-2.19.so
7ff1d992f000-7ff1d9946000 r-xp 00000000 08:06 394203                     /lib/x86_64-linux-gnu/libnsl-2.19.so
7ff1d9946000-7ff1d9b45000 ---p 00017000 08:06 394203                     /lib/x86_64-linux-gnu/libnsl-2.19.so
7ff1d9b45000-7ff1d9b46000 r--p 00016000 08:06 394203                     /lib/x86_64-linux-gnu/libnsl-2.19.so
7ff1d9b46000-7ff1d9b47000 rw-p 00017000 08:06 394203                     /lib/x86_64-linux-gnu/libnsl-2.19.so
7ff1d9b47000-7ff1d9b49000 rw-p 00000000 00:00 0 
7ff1d9b49000-7ff1d9b52000 r-xp 00000000 08:06 394202                     /lib/x86_64-linux-gnu/libnss_compat-2.19.so
7ff1d9b52000-7ff1d9d51000 ---p 00009000 08:06 394202                     /lib/x86_64-linux-gnu/libnss_compat-2.19.so
7ff1d9d51000-7ff1d9d52000 r--p 00008000 08:06 394202                     /lib/x86_64-linux-gnu/libnss_compat-2.19.so
7ff1d9d52000-7ff1d9d53000 rw-p 00009000 08:06 394202                     /lib/x86_64-linux-gnu/libnss_compat-2.19.so
7ff1d9d53000-7ff1da01c000 r--p 00000000 08:06 271642                     /usr/lib/locale/locale-archive
7ff1da01c000-7ff1da01f000 r-xp 00000000 08:06 266502                     /usr/lib/jvm/java-7-openjdk-amd64/jre/lib/amd64/libnpt.so
7ff1da01f000-7ff1da21e000 ---p 00003000 08:06 266502                     /usr/lib/jvm/java-7-openjdk-amd64/jre/lib/amd64/libnpt.so
7ff1da21e000-7ff1da21f000 r--p 00002000 08:06 266502                     /usr/lib/jvm/java-7-openjdk-amd64/jre/lib/amd64/libnpt.so
7ff1da21f000-7ff1da220000 rw-p 00003000 08:06 266502                     /usr/lib/jvm/java-7-openjdk-amd64/jre/lib/amd64/libnpt.so
7ff1da220000-7ff1da25a000 r-xp 00000000 08:06 266499                     /usr/lib/jvm/java-7-openjdk-amd64/jre/lib/amd64/libjdwp.so
7ff1da25a000-7ff1da459000 ---p 0003a000 08:06 266499                     /usr/lib/jvm/java-7-openjdk-amd64/jre/lib/amd64/libjdwp.so
7ff1da459000-7ff1da45a000 r--p 00039000 08:06 266499                     /usr/lib/jvm/java-7-openjdk-amd64/jre/lib/amd64/libjdwp.so
7ff1da45a000-7ff1da45b000 rw-p 0003a000 08:06 266499                     /usr/lib/jvm/java-7-openjdk-amd64/jre/lib/amd64/libjdwp.so
7ff1da45b000-7ff1da486000 r-xp 00000000 08:06 266518                     /usr/lib/jvm/java-7-openjdk-amd64/jre/lib/amd64/libjava.so
7ff1da486000-7ff1da685000 ---p 0002b000 08:06 266518                     /usr/lib/jvm/java-7-openjdk-amd64/jre/lib/amd64/libjava.so
7ff1da685000-7ff1da686000 r--p 0002a000 08:06 266518                     /usr/lib/jvm/java-7-openjdk-amd64/jre/lib/amd64/libjava.so
7ff1da686000-7ff1da688000 rw-p 0002b000 08:06 266518                     /usr/lib/jvm/java-7-openjdk-amd64/jre/lib/amd64/libjava.so
7ff1da688000-7ff1da698000 r-xp 00000000 08:06 266500                     /usr/lib/jvm/java-7-openjdk-amd64/jre/lib/amd64/libverify.so
7ff1da698000-7ff1da897000 ---p 00010000 08:06 266500                     /usr/lib/jvm/java-7-openjdk-amd64/jre/lib/amd64/libverify.so
7ff1da897000-7ff1da899000 r--p 0000f000 08:06 266500                     /usr/lib/jvm/java-7-openjdk-amd64/jre/lib/amd64/libverify.so
7ff1da899000-7ff1da89a000 rw-p 00011000 08:06 266500                     /usr/lib/jvm/java-7-openjdk-amd64/jre/lib/amd64/libverify.so
7ff1da89a000-7ff1da8a1000 r-xp 00000000 08:06 394242                     /lib/x86_64-linux-gnu/librt-2.19.so
7ff1da8a1000-7ff1daaa0000 ---p 00007000 08:06 394242                     /lib/x86_64-linux-gnu/librt-2.19.so
7ff1daaa0000-7ff1daaa1000 r--p 00006000 08:06 394242                     /lib/x86_64-linux-gnu/librt-2.19.so
7ff1daaa1000-7ff1daaa2000 rw-p 00007000 08:06 394242                     /lib/x86_64-linux-gnu/librt-2.19.so
7ff1daaa2000-7ff1daab8000 r-xp 00000000 08:06 394216                     /lib/x86_64-linux-gnu/libgcc_s.so.1
7ff1daab8000-7ff1dacb7000 ---p 00016000 08:06 394216                     /lib/x86_64-linux-gnu/libgcc_s.so.1
7ff1dacb7000-7ff1dacb8000 rw-p 00015000 08:06 394216                     /lib/x86_64-linux-gnu/libgcc_s.so.1
7ff1dacb8000-7ff1dadbd000 r-xp 00000000 08:06 394180                     /lib/x86_64-linux-gnu/libm-2.19.so
7ff1dadbd000-7ff1dafbc000 ---p 00105000 08:06 394180                     /lib/x86_64-linux-gnu/libm-2.19.so
7ff1dafbc000-7ff1dafbd000 r--p 00104000 08:06 394180                     /lib/x86_64-linux-gnu/libm-2.19.so
7ff1dafbd000-7ff1dafbe000 rw-p 00105000 08:06 394180                     /lib/x86_64-linux-gnu/libm-2.19.so
7ff1dafbe000-7ff1db0a4000 r-xp 00000000 08:06 267624                     /usr/lib/x86_64-linux-gnu/libstdc++.so.6.0.19
7ff1db0a4000-7ff1db2a3000 ---p 000e6000 08:06 267624                     /usr/lib/x86_64-linux-gnu/libstdc++.so.6.0.19
7ff1db2a3000-7ff1db2ab000 r--p 000e5000 08:06 267624                     /usr/lib/x86_64-linux-gnu/libstdc++.so.6.0.19
7ff1db2ab000-7ff1db2ad000 rw-p 000ed000 08:06 267624                     /usr/lib/x86_64-linux-gnu/libstdc++.so.6.0.19
7ff1db2ad000-7ff1db2c2000 rw-p 00000000 00:00 0 
7ff1db2c2000-7ff1dbddb000 r-xp 00000000 08:06 266488                     /usr/lib/jvm/java-7-openjdk-amd64/jre/lib/amd64/server/libjvm.so
7ff1dbddb000-7ff1dbfdb000 ---p 00b19000 08:06 266488                     /usr/lib/jvm/java-7-openjdk-amd64/jre/lib/amd64/server/libjvm.so
7ff1dbfdb000-7ff1dc075000 r--p 00b19000 08:06 266488                     /usr/lib/jvm/java-7-openjdk-amd64/jre/lib/amd64/server/libjvm.so
7ff1dc075000-7ff1dc098000 rw-p 00bb3000 08:06 266488                     /usr/lib/jvm/java-7-openjdk-amd64/jre/lib/amd64/server/libjvm.so
7ff1dc098000-7ff1dc0c6000 rw-p 00000000 00:00 0 
7ff1dc0c6000-7ff1dc0de000 r-xp 00000000 08:06 397885                     /lib/x86_64-linux-gnu/libz.so.1.2.8
7ff1dc0de000-7ff1dc2dd000 ---p 00018000 08:06 397885                     /lib/x86_64-linux-gnu/libz.so.1.2.8
7ff1dc2dd000-7ff1dc2de000 r--p 00017000 08:06 397885                     /lib/x86_64-linux-gnu/libz.so.1.2.8
7ff1dc2de000-7ff1dc2df000 rw-p 00018000 08:06 397885                     /lib/x86_64-linux-gnu/libz.so.1.2.8
7ff1dc2df000-7ff1dc2f8000 r-xp 00000000 08:06 394232                     /lib/x86_64-linux-gnu/libpthread-2.19.so
7ff1dc2f8000-7ff1dc4f7000 ---p 00019000 08:06 394232                     /lib/x86_64-linux-gnu/libpthread-2.19.so
7ff1dc4f7000-7ff1dc4f8000 r--p 00018000 08:06 394232                     /lib/x86_64-linux-gnu/libpthread-2.19.so
7ff1dc4f8000-7ff1dc4f9000 rw-p 00019000 08:06 394232                     /lib/x86_64-linux-gnu/libpthread-2.19.so
7ff1dc4f9000-7ff1dc4fd000 rw-p 00000000 00:00 0 
7ff1dc4fd000-7ff1dc500000 r-xp 00000000 08:06 394184                     /lib/x86_64-linux-gnu/libdl-2.19.so
7ff1dc500000-7ff1dc6ff000 ---p 00003000 08:06 394184                     /lib/x86_64-linux-gnu/libdl-2.19.so
7ff1dc6ff000-7ff1dc700000 r--p 00002000 08:06 394184                     /lib/x86_64-linux-gnu/libdl-2.19.so
7ff1dc700000-7ff1dc701000 rw-p 00003000 08:06 394184                     /lib/x86_64-linux-gnu/libdl-2.19.so
7ff1dc701000-7ff1dc8bc000 r-xp 00000000 08:06 394231                     /lib/x86_64-linux-gnu/libc-2.19.so
7ff1dc8bc000-7ff1dcabb000 ---p 001bb000 08:06 394231                     /lib/x86_64-linux-gnu/libc-2.19.so
7ff1dcabb000-7ff1dcabf000 r--p 001ba000 08:06 394231                     /lib/x86_64-linux-gnu/libc-2.19.so
7ff1dcabf000-7ff1dcac1000 rw-p 001be000 08:06 394231                     /lib/x86_64-linux-gnu/libc-2.19.so
7ff1dcac1000-7ff1dcac6000 rw-p 00000000 00:00 0 
7ff1dcac6000-7ff1dcad3000 r-xp 00000000 08:06 266486                     /usr/lib/jvm/java-7-openjdk-amd64/jre/lib/amd64/jli/libjli.so
7ff1dcad3000-7ff1dccd2000 ---p 0000d000 08:06 266486                     /usr/lib/jvm/java-7-openjdk-amd64/jre/lib/amd64/jli/libjli.so
7ff1dccd2000-7ff1dccd3000 r--p 0000c000 08:06 266486                     /usr/lib/jvm/java-7-openjdk-amd64/jre/lib/amd64/jli/libjli.so
7ff1dccd3000-7ff1dccd4000 rw-p 0000d000 08:06 266486                     /usr/lib/jvm/java-7-openjdk-amd64/jre/lib/amd64/jli/libjli.so
7ff1dccd4000-7ff1dccf7000 r-xp 00000000 08:06 394207                     /lib/x86_64-linux-gnu/ld-2.19.so
7ff1dccf9000-7ff1dccfa000 rw-p 00000000 00:00 0 
7ff1dccfa000-7ff1dccfe000 r--s 00034000 08:06 266473                     /usr/lib/jvm/java-7-openjdk-amd64/jre/lib/ext/sunjce_provider.jar
7ff1dccfe000-7ff1dcd00000 r--s 00012000 08:06 266476                     /usr/lib/jvm/java-7-openjdk-amd64/jre/lib/ext/zipfs.jar
7ff1dcd00000-7ff1dcd03000 r--s 0000f000 08:06 266475                     /usr/lib/jvm/java-7-openjdk-amd64/jre/lib/ext/icedtea-sound.jar
7ff1dcd03000-7ff1dcd07000 r--s 00085000 08:06 266471                     /usr/lib/jvm/java-7-openjdk-amd64/jre/lib/ext/localedata.jar
7ff1dcd07000-7ff1dcd0b000 r--s 0003c000 08:06 266474                     /usr/lib/jvm/java-7-openjdk-amd64/jre/lib/ext/sunpkcs11.jar
7ff1dcd0b000-7ff1dcd15000 rw-p 00000000 00:00 0 
7ff1dcd15000-7ff1dcdcb000 rw-p 00000000 00:00 0 
7ff1dcdcb000-7ff1dcdce000 ---p 00000000 00:00 0 
7ff1dcdce000-7ff1dced1000 rw-p 00000000 00:00 0                          [stack:16909]
7ff1dced1000-7ff1dced2000 r--s 00002000 08:06 266472                     /usr/lib/jvm/java-7-openjdk-amd64/jre/lib/ext/dnsns.jar
7ff1dced2000-7ff1dced4000 r--s 00006000 08:06 801361                     /usr/share/java/java-atk-wrapper.jar
7ff1dced4000-7ff1dceea000 rw-p 00000000 00:00 0 
7ff1dceea000-7ff1dcef2000 rw-s 00000000 08:06 527448                     /tmp/hsperfdata_eduard/16903
7ff1dcef2000-7ff1dcef3000 rw-p 00000000 00:00 0 
7ff1dcef3000-7ff1dcef4000 ---p 00000000 00:00 0 
7ff1dcef4000-7ff1dcef6000 rw-p 00000000 00:00 0 
7ff1dcef6000-7ff1dcef7000 r--p 00022000 08:06 394207                     /lib/x86_64-linux-gnu/ld-2.19.so
7ff1dcef7000-7ff1dcef8000 rw-p 00023000 08:06 394207                     /lib/x86_64-linux-gnu/ld-2.19.so
7ff1dcef8000-7ff1dcef9000 rw-p 00000000 00:00 0 
7fff1b714000-7fff1b735000 rw-p 00000000 00:00 0                          [stack]
7fff1b7bd000-7fff1b7bf000 r-xp 00000000 00:00 0                          [vdso]
ffffffffff600000-ffffffffff601000 r-xp 00000000 00:00 0                  [vsyscall]

VM Arguments:
jvm_args: -agentlib:jdwp=transport=dt_socket,suspend=y,address=localhost:54028 -Dfile.encoding=UTF-8 
java_command: emulator.Main
Launcher Type: SUN_STANDARD

Environment Variables:
PATH=/usr/local/sbin:/usr/local/bin:/usr/sbin:/usr/bin:/sbin:/bin:/usr/games:/usr/local/games
USERNAME=eduard
SHELL=/bin/zsh
DISPLAY=:0

Signal Handlers:
SIGSEGV: [libjvm.so+0x94bab0], sa_mask[0]=0x7ffbfeff, sa_flags=0x10000004
SIGBUS: [libjvm.so+0x94bab0], sa_mask[0]=0x7ffbfeff, sa_flags=0x10000004
SIGFPE: [libjvm.so+0x7c38b0], sa_mask[0]=0x7ffbfeff, sa_flags=0x10000004
SIGPIPE: [libjvm.so+0x7c38b0], sa_mask[0]=0x7ffbfeff, sa_flags=0x10000004
SIGXFSZ: [libjvm.so+0x7c38b0], sa_mask[0]=0x7ffbfeff, sa_flags=0x10000004
SIGILL: [libjvm.so+0x7c38b0], sa_mask[0]=0x7ffbfeff, sa_flags=0x10000004
SIGUSR1: SIG_DFL, sa_mask[0]=0x00000000, sa_flags=0x00000000
SIGUSR2: [libjvm.so+0x7c3750], sa_mask[0]=0x00000004, sa_flags=0x10000004
SIGHUP: [libjvm.so+0x7c3930], sa_mask[0]=0x7ffbfeff, sa_flags=0x10000004
SIGINT: [libjvm.so+0x7c3930], sa_mask[0]=0x7ffbfeff, sa_flags=0x10000004
SIGTERM: [libjvm.so+0x7c3930], sa_mask[0]=0x7ffbfeff, sa_flags=0x10000004
SIGQUIT: [libjvm.so+0x7c3930], sa_mask[0]=0x7ffbfeff, sa_flags=0x10000004
SIGTRAP: SIG_DFL, sa_mask[0]=0x00000000, sa_flags=0x00000000


---------------  S Y S T E M  ---------------

OS:LinuxMint 17 (qiana)
uname:Linux 3.13.0-24-generic #47-Ubuntu SMP Fri May 2 23:30:00 UTC 2014 x86_64
libc:glibc 2.19 NPTL 2.19 
rlimit: STACK 8192k, CORE 0k, NPROC 29791, NOFILE 4096, AS infinity
load average:0.28 0.25 0.31

/proc/meminfo:
MemTotal:        3844344 kB
MemFree:          436620 kB
Buffers:           90700 kB
Cached:          1320644 kB
SwapCached:            0 kB
Active:          2262952 kB
Inactive:         948156 kB
Active(anon):    1803988 kB
Inactive(anon):   156408 kB
Active(file):     458964 kB
Inactive(file):   791748 kB
Unevictable:           0 kB
Mlocked:               0 kB
SwapTotal:             0 kB
SwapFree:              0 kB
Dirty:               260 kB
Writeback:             0 kB
AnonPages:       1799772 kB
Mapped:           268132 kB
Shmem:            160640 kB
Slab:              93540 kB
SReclaimable:      55600 kB
SUnreclaim:        37940 kB
KernelStack:        4624 kB
PageTables:        46160 kB
NFS_Unstable:          0 kB
Bounce:                0 kB
WritebackTmp:          0 kB
CommitLimit:     1922172 kB
Committed_AS:    5553964 kB
VmallocTotal:   34359738367 kB
VmallocUsed:      543620 kB
VmallocChunk:   34359187932 kB
HardwareCorrupted:     0 kB
AnonHugePages:    653312 kB
HugePages_Total:       0
HugePages_Free:        0
HugePages_Rsvd:        0
HugePages_Surp:        0
Hugepagesize:       2048 kB
DirectMap4k:       84980 kB
DirectMap2M:     3903488 kB


CPU:total 4 (2 cores per cpu, 2 threads per core) family 6 model 37 stepping 5, cmov, cx8, fxsr, mmx, sse, sse2, sse3, ssse3, sse4.1, sse4.2, popcnt, ht, tsc, tscinvbit

/proc/cpuinfo:
processor	: 0
vendor_id	: GenuineIntel
cpu family	: 6
model		: 37
model name	: Intel(R) Core(TM) i5 CPU       M 460  @ 2.53GHz
stepping	: 5
microcode	: 0x2
cpu MHz		: 1197.000
cache size	: 3072 KB
physical id	: 0
siblings	: 4
core id		: 0
cpu cores	: 2
apicid		: 0
initial apicid	: 0
fpu		: yes
fpu_exception	: yes
cpuid level	: 11
wp		: yes
flags		: fpu vme de pse tsc msr pae mce cx8 apic sep mtrr pge mca cmov pat pse36 clflush dts acpi mmx fxsr sse sse2 ss ht tm pbe syscall nx rdtscp lm constant_tsc arch_perfmon pebs bts rep_good nopl xtopology nonstop_tsc aperfmperf pni dtes64 monitor ds_cpl vmx est tm2 ssse3 cx16 xtpr pdcm pcid sse4_1 sse4_2 popcnt lahf_lm ida arat dtherm tpr_shadow vnmi flexpriority ept vpid
bogomips	: 5053.73
clflush size	: 64
cache_alignment	: 64
address sizes	: 36 bits physical, 48 bits virtual
power management:

processor	: 1
vendor_id	: GenuineIntel
cpu family	: 6
model		: 37
model name	: Intel(R) Core(TM) i5 CPU       M 460  @ 2.53GHz
stepping	: 5
microcode	: 0x2
cpu MHz		: 1197.000
cache size	: 3072 KB
physical id	: 0
siblings	: 4
core id		: 2
cpu cores	: 2
apicid		: 4
initial apicid	: 4
fpu		: yes
fpu_exception	: yes
cpuid level	: 11
wp		: yes
flags		: fpu vme de pse tsc msr pae mce cx8 apic sep mtrr pge mca cmov pat pse36 clflush dts acpi mmx fxsr sse sse2 ss ht tm pbe syscall nx rdtscp lm constant_tsc arch_perfmon pebs bts rep_good nopl xtopology nonstop_tsc aperfmperf pni dtes64 monitor ds_cpl vmx est tm2 ssse3 cx16 xtpr pdcm pcid sse4_1 sse4_2 popcnt lahf_lm ida arat dtherm tpr_shadow vnmi flexpriority ept vpid
bogomips	: 5053.73
clflush size	: 64
cache_alignment	: 64
address sizes	: 36 bits physical, 48 bits virtual
power management:

processor	: 2
vendor_id	: GenuineIntel
cpu family	: 6
model		: 37
model name	: Intel(R) Core(TM) i5 CPU       M 460  @ 2.53GHz
stepping	: 5
microcode	: 0x2
cpu MHz		: 2528.000
cache size	: 3072 KB
physical id	: 0
siblings	: 4
core id		: 0
cpu cores	: 2
apicid		: 1
initial apicid	: 1
fpu		: yes
fpu_exception	: yes
cpuid level	: 11
wp		: yes
flags		: fpu vme de pse tsc msr pae mce cx8 apic sep mtrr pge mca cmov pat pse36 clflush dts acpi mmx fxsr sse sse2 ss ht tm pbe syscall nx rdtscp lm constant_tsc arch_perfmon pebs bts rep_good nopl xtopology nonstop_tsc aperfmperf pni dtes64 monitor ds_cpl vmx est tm2 ssse3 cx16 xtpr pdcm pcid sse4_1 sse4_2 popcnt lahf_lm ida arat dtherm tpr_shadow vnmi flexpriority ept vpid
bogomips	: 5053.73
clflush size	: 64
cache_alignment	: 64
address sizes	: 36 bits physical, 48 bits virtual
power management:

processor	: 3
vendor_id	: GenuineIntel
cpu family	: 6
model		: 37
model name	: Intel(R) Core(TM) i5 CPU       M 460  @ 2.53GHz
stepping	: 5
microcode	: 0x2
cpu MHz		: 1197.000
cache size	: 3072 KB
physical id	: 0
siblings	: 4
core id		: 2
cpu cores	: 2
apicid		: 5
initial apicid	: 5
fpu		: yes
fpu_exception	: yes
cpuid level	: 11
wp		: yes
flags		: fpu vme de pse tsc msr pae mce cx8 apic sep mtrr pge mca cmov pat pse36 clflush dts acpi mmx fxsr sse sse2 ss ht tm pbe syscall nx rdtscp lm constant_tsc arch_perfmon pebs bts rep_good nopl xtopology nonstop_tsc aperfmperf pni dtes64 monitor ds_cpl vmx est tm2 ssse3 cx16 xtpr pdcm pcid sse4_1 sse4_2 popcnt lahf_lm ida arat dtherm tpr_shadow vnmi flexpriority ept vpid
bogomips	: 5053.73
clflush size	: 64
cache_alignment	: 64
address sizes	: 36 bits physical, 48 bits virtual
power management:



Memory: 4k page, physical 3844344k(436620k free), swap 0k(0k free)

vm_info: OpenJDK 64-Bit Server VM (24.79-b02) for linux-amd64 JRE (1.7.0_79-b14), built on Jul 24 2015 08:15:54 by "buildd" with gcc 4.8.2

time: Tue Aug 18 00:41:26 2015
elapsed time: 56 seconds

